2019-05-24T18:28:14.335Z : API server listening on 0.0.0.0:7070, in development
2019-05-24T18:28:14.344Z : Node ENV : undefined
2019-05-24T18:31:46.150Z : API server listening on 0.0.0.0:7070, in development
2019-05-24T18:31:46.155Z : Node ENV : development
2019-05-24T18:35:50.160Z : API server listening on 0.0.0.0:7070, in development
2019-05-24T18:35:50.165Z : Node ENV : development
2019-05-24T18:45:10.786Z : API server listening on 0.0.0.0:7070, in development
2019-05-24T18:45:10.793Z : Node ENV : development
2019-05-24T18:46:37.143Z : API server listening on 0.0.0.0:7070, in development
2019-05-24T18:46:37.148Z : Node ENV : development
2019-05-24T18:47:05.096Z : info log
2019-05-24T18:47:05.098Z : debug log
2019-05-24T18:47:05.098Z : silly log
2019-05-24T18:47:05.099Z : warn log
2019-05-24T18:47:05.099Z : error log
2019-05-24T18:47:05.100Z : Request Body - 
2019-05-24T18:51:57.732Z : API server listening on 0.0.0.0:7070, in development
2019-05-24T18:51:57.740Z : Node ENV : development
2019-05-24T18:51:59.645Z : info log
2019-05-24T18:51:59.646Z : debug log
2019-05-24T18:51:59.646Z : silly log
2019-05-24T18:51:59.647Z : warn log
2019-05-24T18:51:59.647Z : error log
2019-05-24T18:51:59.648Z : Request Body - 
2019-05-24T18:52:15.847Z : info log
2019-05-24T18:52:15.848Z : debug log
2019-05-24T18:52:15.848Z : silly log
2019-05-24T18:52:15.849Z : warn log
2019-05-24T18:52:15.849Z : error log
2019-05-24T18:52:15.850Z : Request Body - 
2019-05-24T18:52:20.289Z : API server listening on 0.0.0.0:7070, in development
2019-05-24T18:52:20.294Z : Node ENV : development
2019-05-24T18:52:52.546Z : API server listening on 0.0.0.0:7070, in development
2019-05-24T18:52:52.551Z : Node ENV : development
2019-05-24T18:53:00.240Z : API server listening on 0.0.0.0:7070, in development
2019-05-24T18:53:00.248Z : Node ENV : development
2019-05-24T18:53:09.353Z : info log
2019-05-24T18:53:09.353Z : debug log
2019-05-24T18:53:09.354Z : silly log
2019-05-24T18:53:09.354Z : warn log
2019-05-24T18:53:09.354Z : error log
2019-05-24T18:53:09.355Z : Request Body - 
2019-05-24T18:53:25.297Z : info log
2019-05-24T18:53:25.298Z : debug log
2019-05-24T18:53:25.298Z : silly log
2019-05-24T18:53:25.299Z : warn log
2019-05-24T18:53:25.300Z : error log
2019-05-24T18:53:25.300Z : Request Body - 
2019-05-24T18:53:34.353Z : info log
2019-05-24T18:53:34.353Z : debug log
2019-05-24T18:53:34.354Z : silly log
2019-05-24T18:53:34.354Z : warn log
2019-05-24T18:53:34.354Z : error log
2019-05-24T18:53:34.356Z : Request Body - 
2019-05-24T18:53:37.304Z : info log
2019-05-24T18:53:37.304Z : debug log
2019-05-24T18:53:37.305Z : silly log
2019-05-24T18:53:37.305Z : warn log
2019-05-24T18:53:37.306Z : error log
2019-05-24T18:53:37.306Z : Request Body - 
2019-05-24T18:55:11.249Z : info log
2019-05-24T18:55:11.250Z : debug log
2019-05-24T18:55:11.250Z : silly log
2019-05-24T18:55:11.251Z : warn log
2019-05-24T18:55:11.251Z : error log
2019-05-24T18:55:11.251Z : Request Body - 
2019-05-24T18:55:22.080Z : API server listening on 0.0.0.0:7070, in development
2019-05-24T18:55:22.087Z : Node ENV : development
2019-05-24T18:55:25.845Z : info log
2019-05-24T18:55:25.846Z : debug log
2019-05-24T18:55:25.846Z : silly log
2019-05-24T18:55:25.847Z : warn log
2019-05-24T18:55:25.847Z : error log
2019-05-24T18:55:25.849Z : Request Body - 
2019-05-25T07:13:33.283Z : API server listening on 0.0.0.0:7070, in development
2019-05-25T07:13:33.288Z : Node ENV : development
2019-05-25T07:16:14.639Z : info log
2019-05-25T07:16:14.642Z : debug log
2019-05-25T07:16:14.643Z : silly log
2019-05-25T07:16:14.643Z : warn log
2019-05-25T07:16:14.644Z : error log
2019-05-25T07:16:14.645Z : Request Body - 
2019-05-25T07:16:40.238Z : info log
2019-05-25T07:16:40.239Z : debug log
2019-05-25T07:16:40.239Z : silly log
2019-05-25T07:16:40.239Z : warn log
2019-05-25T07:16:40.240Z : error log
2019-05-25T07:16:40.241Z : Request Body - 
2019-05-25T07:34:48.058Z : info log
2019-05-25T07:34:48.062Z : debug log
2019-05-25T07:34:48.062Z : silly log
2019-05-25T07:34:48.063Z : warn log
2019-05-25T07:34:48.063Z : error log
2019-05-25T07:34:48.064Z : Request Body - 
2019-05-25T07:34:57.182Z : API server listening on 0.0.0.0:7070, in development
2019-05-25T07:34:57.190Z : Node ENV : development
2019-05-25T07:35:03.449Z : info log
2019-05-25T07:35:03.452Z : debug log
2019-05-25T07:35:03.453Z : silly log
2019-05-25T07:35:03.453Z : warn log
2019-05-25T07:35:03.454Z : error log
2019-05-25T07:35:03.456Z : Request Body - 
2019-05-25T07:40:31.560Z : API server listening on 0.0.0.0:7070, in development
2019-05-25T07:40:31.567Z : Node ENV : development
2019-05-25T07:40:34.361Z : info log
2019-05-25T07:40:34.362Z : debug log
2019-05-25T07:40:34.363Z : silly log
2019-05-25T07:40:34.364Z : warn log
2019-05-25T07:40:34.364Z : error log
2019-05-25T07:40:34.366Z : Request Body - 
2019-05-25T07:41:29.291Z : info log
2019-05-25T07:41:29.292Z : debug log
2019-05-25T07:41:29.293Z : silly log
2019-05-25T07:41:29.293Z : warn log
2019-05-25T07:41:29.293Z : error log
2019-05-25T07:41:29.295Z : Request Body - 
2019-05-25T07:42:32.747Z : API server listening on 0.0.0.0:7070, in development
2019-05-25T07:42:32.755Z : Node ENV : development
2019-05-25T07:42:36.954Z : info log
2019-05-25T07:42:36.955Z : debug log
2019-05-25T07:42:36.955Z : silly log
2019-05-25T07:42:36.956Z : warn log
2019-05-25T07:42:36.958Z : error log
2019-05-25T07:42:36.960Z : Request Body - 
2019-05-25T07:43:42.039Z : info log
2019-05-25T07:43:42.051Z : debug log
2019-05-25T07:43:42.052Z : silly log
2019-05-25T07:43:42.052Z : warn log
2019-05-25T07:43:42.053Z : error log
2019-05-25T07:43:42.054Z : Request Body - 
2019-05-25T07:45:02.320Z : info log
2019-05-25T07:45:02.321Z : debug log
2019-05-25T07:45:02.321Z : silly log
2019-05-25T07:45:02.322Z : warn log
2019-05-25T07:45:02.322Z : error log
2019-05-25T07:45:02.323Z : Request Body - 
2019-05-25T07:46:42.879Z : info log
2019-05-25T07:46:42.883Z : debug log
2019-05-25T07:46:42.883Z : silly log
2019-05-25T07:46:42.884Z : warn log
2019-05-25T07:46:42.885Z : error log
2019-05-25T07:46:42.886Z : Request Body - 
2019-05-25T07:47:53.438Z : info log
2019-05-25T07:47:53.438Z : debug log
2019-05-25T07:47:53.439Z : silly log
2019-05-25T07:47:53.439Z : warn log
2019-05-25T07:47:53.440Z : error log
2019-05-25T07:47:53.440Z : Request Body - 
2019-05-25T07:48:16.360Z : info log
2019-05-25T07:48:16.360Z : debug log
2019-05-25T07:48:16.361Z : silly log
2019-05-25T07:48:16.361Z : warn log
2019-05-25T07:48:16.362Z : error log
2019-05-25T07:48:16.362Z : Request Body - 
2019-05-25T07:48:49.255Z : info log
2019-05-25T07:48:49.256Z : debug log
2019-05-25T07:48:49.257Z : silly log
2019-05-25T07:48:49.257Z : warn log
2019-05-25T07:48:49.258Z : error log
2019-05-25T07:48:49.258Z : Request Body - 
2019-05-25T07:49:12.161Z : info log
2019-05-25T07:49:12.161Z : debug log
2019-05-25T07:49:12.162Z : silly log
2019-05-25T07:49:12.162Z : warn log
2019-05-25T07:49:12.162Z : error log
2019-05-25T07:49:12.164Z : Request Body - 
2019-05-25T07:50:00.130Z : info log
2019-05-25T07:50:00.134Z : debug log
2019-05-25T07:50:00.134Z : silly log
2019-05-25T07:50:00.134Z : warn log
2019-05-25T07:50:00.135Z : error log
2019-05-25T07:50:00.135Z : Request Body - 
2019-05-25T07:50:31.070Z : info log
2019-05-25T07:50:31.070Z : debug log
2019-05-25T07:50:31.071Z : silly log
2019-05-25T07:50:31.072Z : warn log
2019-05-25T07:50:31.072Z : error log
2019-05-25T07:50:31.073Z : Request Body - 
2019-05-25T07:50:53.238Z : info log
2019-05-25T07:50:53.239Z : debug log
2019-05-25T07:50:53.239Z : silly log
2019-05-25T07:50:53.240Z : warn log
2019-05-25T07:50:53.240Z : error log
2019-05-25T07:50:53.241Z : Request Body - 
2019-05-25T07:51:38.278Z : info log
2019-05-25T07:51:38.279Z : debug log
2019-05-25T07:51:38.279Z : silly log
2019-05-25T07:51:38.295Z : warn log
2019-05-25T07:51:38.296Z : error log
2019-05-25T07:51:38.296Z : Request Body - 
2019-05-25T07:52:34.011Z : info log
2019-05-25T07:52:34.014Z : debug log
2019-05-25T07:52:34.015Z : silly log
2019-05-25T07:52:34.016Z : warn log
2019-05-25T07:52:34.016Z : error log
2019-05-25T07:52:34.018Z : Request Body - 
2019-05-25T08:07:15.419Z : API server listening on 0.0.0.0:7070, in development
2019-05-25T08:07:15.425Z : Node ENV : development
2019-05-25T08:34:43.607Z : API server listening on 0.0.0.0:7070, in development
2019-05-25T08:34:43.613Z : Node ENV : development
2019-05-25T08:36:19.985Z : API server listening on 0.0.0.0:7070, in development
2019-05-25T08:36:19.996Z : Node ENV : development
2019-05-25T08:37:20.747Z : API server listening on 0.0.0.0:7070, in development
2019-05-25T08:37:20.754Z : Node ENV : development
2019-05-25T08:39:16.000Z : API server listening on 0.0.0.0:7070, in development
2019-05-25T08:39:16.007Z : Node ENV : development
2019-05-25T08:43:00.199Z : API server listening on 0.0.0.0:7070, in development
2019-05-25T08:43:00.208Z : Node ENV : development
2019-05-25T08:43:21.598Z : API server listening on 0.0.0.0:7070, in development
2019-05-25T08:43:21.605Z : Node ENV : development
2019-05-25T09:13:50.144Z : [object Object]
2019-05-25T09:16:18.187Z : [object Object]
2019-05-25T09:18:36.966Z : API server listening on 0.0.0.0:7070, in development
2019-05-25T09:18:36.978Z : Node ENV : development
2019-05-25T09:18:43.676Z : [object Object]
2019-05-25T09:37:06.029Z : [object Object]
2019-05-25T09:46:47.013Z : [object Object]
2019-05-25T10:32:35.387Z : API server listening on 0.0.0.0:7070, in development
2019-05-25T10:32:35.394Z : Node ENV : development
2019-05-25T10:40:41.767Z : API server listening on 0.0.0.0:7070, in development
2019-05-25T10:40:41.785Z : Node ENV : development
2019-05-25T18:02:08.802Z : API server listening on 0.0.0.0:7070, in development
2019-05-25T18:02:08.808Z : Node ENV : development
2019-05-25T18:02:24.980Z : [object Object]
2019-05-28T07:55:26.432Z : API server listening on 0.0.0.0:7070, in development
2019-05-28T07:55:26.444Z : Node ENV : development
2019-05-28T10:53:57.562Z : API server listening on 0.0.0.0:7070, in development
2019-05-28T10:53:57.570Z : Node ENV : development
2019-05-29T21:10:29.651Z : API server listening on 0.0.0.0:7070, in development
2019-05-29T21:10:29.658Z : Node ENV : development
2019-05-29T21:15:35.085Z : API server listening on 0.0.0.0:7070, in development
2019-05-29T21:15:35.091Z : Node ENV : development
2019-05-29T21:16:09.204Z : [object Object]
2019-05-29T21:16:50.417Z : API server listening on 0.0.0.0:7070, in development
2019-05-29T21:16:50.424Z : Node ENV : development
2019-05-29T21:16:53.509Z : updated - 
2019-05-29T21:17:11.680Z : updated - 
2019-12-10T11:59:57.230Z : API server listening on 0.0.0.0:7070, in development
2019-12-10T11:59:57.237Z : Node ENV : development
2019-12-10T19:10:17.210Z : API server listening on 0.0.0.0:7070, in development
2019-12-10T19:10:17.219Z : Node ENV : development
2019-12-10T20:44:04.638Z : API server listening on 0.0.0.0:7070, in development
2019-12-10T20:44:04.648Z : Node ENV : development
2019-12-10T20:44:50.334Z : API server listening on 0.0.0.0:7070, in development
2019-12-10T20:44:50.339Z : Node ENV : development
2019-12-10T20:45:33.137Z : API server listening on 0.0.0.0:7070, in development
2019-12-10T20:45:33.146Z : Node ENV : development
2019-12-10T20:45:44.438Z : API server listening on 0.0.0.0:7070, in development
2019-12-10T20:45:44.443Z : Node ENV : development
2019-12-10T20:46:10.978Z : API server listening on 0.0.0.0:7070, in development
2019-12-10T20:46:10.988Z : Node ENV : development
2019-12-10T20:46:17.869Z : API server listening on 0.0.0.0:7070, in development
2019-12-10T20:46:17.875Z : Node ENV : development
2019-12-10T20:46:31.392Z : API server listening on 0.0.0.0:7070, in development
2019-12-10T20:46:31.400Z : Node ENV : development
2019-12-11T07:45:38.747Z : API server listening on 0.0.0.0:7070, in development
2019-12-11T07:45:38.751Z : Node ENV : development
2020-05-05T04:09:51.940Z : API server listening on 0.0.0.0:7070, in development
2020-05-05T04:09:51.946Z : Node ENV : undefined
2020-05-05T04:28:47.693Z : API server listening on 0.0.0.0:7070, in development
2020-05-05T04:28:47.699Z : Node ENV : undefined
2020-05-05T04:36:46.925Z : API server listening on 0.0.0.0:7070, in development
2020-05-05T04:36:46.929Z : Node ENV : undefined
2020-05-05T04:48:23.709Z : API server listening on 0.0.0.0:7070, in development
2020-05-05T04:48:23.713Z : Node ENV : undefined
2020-05-05T04:50:19.290Z : API server listening on 0.0.0.0:7070, in development
2020-05-05T04:50:19.294Z : Node ENV : undefined
2020-05-05T04:54:00.674Z : API server listening on 0.0.0.0:8081, in production
2020-05-05T04:54:00.678Z : Node ENV : undefined
2020-05-05T04:58:24.978Z : API server listening on 0.0.0.0:8081, in production
2020-05-05T04:58:24.982Z : Node ENV : undefined
2020-05-05T04:58:35.983Z : Error Status => 400
2020-05-05T04:58:35.984Z : Error Data => {"status":400,"type":"validation_error","message":"recipient cannot be empty","timestamp":1588654715977}
2020-05-05T04:58:35.985Z : Error Response => {"server":"nginx/1.10.3","date":"Tue, 05 May 2020 04:58:35 GMT","content-type":"application/json","transfer-encoding":"chunked","connection":"close","vary":"Origin, Access-Control-Request-Method, Access-Control-Request-Headers"}
2020-05-05T04:58:35.986Z : Error Config => {"transformRequest":{},"transformResponse":{},"timeout":0,"xsrfCookieName":"XSRF-TOKEN","xsrfHeaderName":"X-XSRF-TOKEN","maxContentLength":-1,"headers":{"Accept":"application/json, text/plain, */*","Content-Type":"application/json","apikey":"0f04c56a-d938-46b9-8983-43a0039de681","User-Agent":"axios/0.18.1","Content-Length":51},"method":"post","url":"https://test.chat.api.zoko.io/v2/message","data":"{\"channel\":\"whatsapp\",\"recipient\":\"\",\"type\":\"text\"}"}
2020-05-05T04:59:30.341Z : API server listening on 0.0.0.0:8081, in production
2020-05-05T04:59:30.345Z : Node ENV : undefined
2020-05-05T04:59:37.075Z : Error Status => 400
2020-05-05T04:59:37.076Z : Error Data => {"status":400,"type":"validation_error","message":"recipient cannot be empty","timestamp":1588654777039}
2020-05-05T04:59:37.077Z : Error Response => {"server":"nginx/1.10.3","date":"Tue, 05 May 2020 04:59:37 GMT","content-type":"application/json","transfer-encoding":"chunked","connection":"close","vary":"Origin, Access-Control-Request-Method, Access-Control-Request-Headers"}
2020-05-05T04:59:37.078Z : Error Config => {"transformRequest":{},"transformResponse":{},"timeout":0,"xsrfCookieName":"XSRF-TOKEN","xsrfHeaderName":"X-XSRF-TOKEN","maxContentLength":-1,"headers":{"Accept":"application/json, text/plain, */*","Content-Type":"application/json","apikey":"0f04c56a-d938-46b9-8983-43a0039de681","User-Agent":"axios/0.18.1","Content-Length":51},"method":"post","url":"https://test.chat.api.zoko.io/v2/message","data":"{\"channel\":\"whatsapp\",\"recipient\":\"\",\"type\":\"text\"}"}
2020-05-05T05:00:07.040Z : API server listening on 0.0.0.0:8081, in production
2020-05-05T05:00:07.044Z : Node ENV : undefined
2020-05-05T05:00:34.766Z : API server listening on 0.0.0.0:8081, in production
2020-05-05T05:00:34.775Z : Node ENV : undefined
2020-05-05T05:22:10.504Z : API server listening on 0.0.0.0:8081, in production
2020-05-05T05:22:10.510Z : Node ENV : undefined
2020-05-05T05:22:17.020Z : Error Status => 400
2020-05-05T05:22:17.021Z : Error Data => {"status":400,"type":"validation_error","message":"recipient cannot be empty","timestamp":1588656137048}
2020-05-05T05:22:17.022Z : Error Response => {"server":"nginx/1.10.3","date":"Tue, 05 May 2020 05:22:17 GMT","content-type":"application/json","transfer-encoding":"chunked","connection":"close","vary":"Origin, Access-Control-Request-Method, Access-Control-Request-Headers"}
2020-05-05T05:22:17.023Z : Error Config => {"transformRequest":{},"transformResponse":{},"timeout":0,"xsrfCookieName":"XSRF-TOKEN","xsrfHeaderName":"X-XSRF-TOKEN","maxContentLength":-1,"headers":{"Accept":"application/json, text/plain, */*","Content-Type":"application/json","apikey":"0f04c56a-d938-46b9-8983-43a0039de681","User-Agent":"axios/0.18.1","Content-Length":51},"method":"post","url":"https://test.chat.api.zoko.io/v2/message","data":"{\"channel\":\"whatsapp\",\"recipient\":\"\",\"type\":\"text\"}"}
2020-05-05T05:29:10.059Z : API server listening on 0.0.0.0:8081, in production
2020-05-05T05:29:10.063Z : Node ENV : undefined
2020-05-05T05:29:14.712Z : Error Status => 400
2020-05-05T05:29:14.713Z : Error Data => {"status":400,"type":"validation_error","message":"recipient cannot be empty","timestamp":1588656554680}
2020-05-05T05:29:14.714Z : Error Response => {"server":"nginx/1.10.3","date":"Tue, 05 May 2020 05:29:14 GMT","content-type":"application/json","transfer-encoding":"chunked","connection":"close","vary":"Origin, Access-Control-Request-Method, Access-Control-Request-Headers"}
2020-05-05T05:29:14.715Z : Error Config => {"transformRequest":{},"transformResponse":{},"timeout":0,"xsrfCookieName":"XSRF-TOKEN","xsrfHeaderName":"X-XSRF-TOKEN","maxContentLength":-1,"headers":{"Accept":"application/json, text/plain, */*","Content-Type":"application/json","apikey":"0f04c56a-d938-46b9-8983-43a0039de681","User-Agent":"axios/0.18.1","Content-Length":51},"method":"post","url":"https://test.chat.api.zoko.io/v2/message","data":"{\"channel\":\"whatsapp\",\"recipient\":\"\",\"type\":\"text\"}"}
2020-05-05T05:30:50.607Z : API server listening on 0.0.0.0:8081, in production
2020-05-05T05:30:50.611Z : Node ENV : undefined
2020-05-05T05:30:56.098Z : Error Status => 400
2020-05-05T05:30:56.099Z : Error Data => {"status":400,"type":"validation_error","message":"recipient cannot be empty","timestamp":1588656656125}
2020-05-05T05:30:56.100Z : Error Response => {"server":"nginx/1.10.3","date":"Tue, 05 May 2020 05:30:56 GMT","content-type":"application/json","transfer-encoding":"chunked","connection":"close","vary":"Origin, Access-Control-Request-Method, Access-Control-Request-Headers"}
2020-05-05T05:30:56.101Z : Error Config => {"transformRequest":{},"transformResponse":{},"timeout":0,"xsrfCookieName":"XSRF-TOKEN","xsrfHeaderName":"X-XSRF-TOKEN","maxContentLength":-1,"headers":{"Accept":"application/json, text/plain, */*","Content-Type":"application/json","apikey":"0f04c56a-d938-46b9-8983-43a0039de681","User-Agent":"axios/0.18.1","Content-Length":51},"method":"post","url":"https://test.chat.api.zoko.io/v2/message","data":"{\"channel\":\"whatsapp\",\"recipient\":\"\",\"type\":\"text\"}"}
2020-05-05T05:31:22.395Z : API server listening on 0.0.0.0:8081, in production
2020-05-05T05:31:22.399Z : Node ENV : undefined
2020-05-05T05:31:28.941Z : [object Object]
2020-05-05T10:13:34.756Z : [object Object]
2020-05-05T10:22:28.784Z : [object Object]
2020-05-05T10:24:39.080Z : [object Object]
2020-05-05T10:46:22.932Z : API server listening on 0.0.0.0:8081, in production
2020-05-05T10:46:22.936Z : Node ENV : undefined
2020-05-05T10:46:35.610Z : [object Object]
2020-05-10T10:15:40.774Z : API server listening on 0.0.0.0:8081, in production
2020-05-10T10:15:40.779Z : Node ENV : undefined
2020-05-10T10:18:14.336Z : API server listening on 0.0.0.0:8081, in production
2020-05-10T10:18:14.340Z : Node ENV : undefined
2020-05-10T10:19:17.798Z : API server listening on 0.0.0.0:8081, in production
2020-05-10T10:19:17.803Z : Node ENV : undefined
2020-05-10T10:19:42.545Z : API server listening on 0.0.0.0:8081, in production
2020-05-10T10:19:42.550Z : Node ENV : undefined
2020-05-10T10:21:04.676Z : API server listening on 0.0.0.0:8081, in production
2020-05-10T10:21:04.681Z : Node ENV : undefined
2020-05-10T10:21:31.191Z : API server listening on 0.0.0.0:8081, in production
2020-05-10T10:21:31.198Z : Node ENV : undefined
2020-05-10T10:24:05.962Z : API server listening on 0.0.0.0:8081, in production
2020-05-10T10:24:05.966Z : Node ENV : undefined
2020-05-10T10:25:05.969Z : API server listening on 0.0.0.0:8081, in production
2020-05-10T10:25:05.973Z : Node ENV : undefined
