2019-05-24T18:47:05.099Z : error log
2019-05-24T18:51:59.647Z : error log
2019-05-24T18:52:15.849Z : error log
2019-05-24T18:53:09.354Z : error log
2019-05-24T18:53:25.300Z : error log
2019-05-24T18:53:34.354Z : error log
2019-05-24T18:53:37.306Z : error log
2019-05-24T18:55:11.251Z : error log
2019-05-24T18:55:25.847Z : error log
2019-05-25T07:16:14.644Z : error log
2019-05-25T07:16:40.240Z : error log
2019-05-25T07:34:48.063Z : error log
2019-05-25T07:35:03.454Z : error log
2019-05-25T07:40:34.364Z : error log
2019-05-25T07:41:29.293Z : error log
2019-05-25T07:42:36.958Z : error log
2019-05-25T07:43:42.053Z : error log
2019-05-25T07:45:02.322Z : error log
2019-05-25T07:46:42.885Z : error log
2019-05-25T07:47:53.440Z : error log
2019-05-25T07:48:16.362Z : error log
2019-05-25T07:48:49.258Z : error log
2019-05-25T07:49:12.162Z : error log
2019-05-25T07:50:00.135Z : error log
2019-05-25T07:50:31.072Z : error log
2019-05-25T07:50:53.240Z : error log
2019-05-25T07:51:38.296Z : error log
2019-05-25T07:52:34.016Z : error log
2020-05-05T04:58:35.983Z : Error Status => 400
2020-05-05T04:58:35.984Z : Error Data => {"status":400,"type":"validation_error","message":"recipient cannot be empty","timestamp":1588654715977}
2020-05-05T04:58:35.985Z : Error Response => {"server":"nginx/1.10.3","date":"Tue, 05 May 2020 04:58:35 GMT","content-type":"application/json","transfer-encoding":"chunked","connection":"close","vary":"Origin, Access-Control-Request-Method, Access-Control-Request-Headers"}
2020-05-05T04:58:35.986Z : Error Config => {"transformRequest":{},"transformResponse":{},"timeout":0,"xsrfCookieName":"XSRF-TOKEN","xsrfHeaderName":"X-XSRF-TOKEN","maxContentLength":-1,"headers":{"Accept":"application/json, text/plain, */*","Content-Type":"application/json","apikey":"0f04c56a-d938-46b9-8983-43a0039de681","User-Agent":"axios/0.18.1","Content-Length":51},"method":"post","url":"https://test.chat.api.zoko.io/v2/message","data":"{\"channel\":\"whatsapp\",\"recipient\":\"\",\"type\":\"text\"}"}
2020-05-05T04:59:37.075Z : Error Status => 400
2020-05-05T04:59:37.076Z : Error Data => {"status":400,"type":"validation_error","message":"recipient cannot be empty","timestamp":1588654777039}
2020-05-05T04:59:37.077Z : Error Response => {"server":"nginx/1.10.3","date":"Tue, 05 May 2020 04:59:37 GMT","content-type":"application/json","transfer-encoding":"chunked","connection":"close","vary":"Origin, Access-Control-Request-Method, Access-Control-Request-Headers"}
2020-05-05T04:59:37.078Z : Error Config => {"transformRequest":{},"transformResponse":{},"timeout":0,"xsrfCookieName":"XSRF-TOKEN","xsrfHeaderName":"X-XSRF-TOKEN","maxContentLength":-1,"headers":{"Accept":"application/json, text/plain, */*","Content-Type":"application/json","apikey":"0f04c56a-d938-46b9-8983-43a0039de681","User-Agent":"axios/0.18.1","Content-Length":51},"method":"post","url":"https://test.chat.api.zoko.io/v2/message","data":"{\"channel\":\"whatsapp\",\"recipient\":\"\",\"type\":\"text\"}"}
2020-05-05T05:22:17.020Z : Error Status => 400
2020-05-05T05:22:17.021Z : Error Data => {"status":400,"type":"validation_error","message":"recipient cannot be empty","timestamp":1588656137048}
2020-05-05T05:22:17.022Z : Error Response => {"server":"nginx/1.10.3","date":"Tue, 05 May 2020 05:22:17 GMT","content-type":"application/json","transfer-encoding":"chunked","connection":"close","vary":"Origin, Access-Control-Request-Method, Access-Control-Request-Headers"}
2020-05-05T05:22:17.023Z : Error Config => {"transformRequest":{},"transformResponse":{},"timeout":0,"xsrfCookieName":"XSRF-TOKEN","xsrfHeaderName":"X-XSRF-TOKEN","maxContentLength":-1,"headers":{"Accept":"application/json, text/plain, */*","Content-Type":"application/json","apikey":"0f04c56a-d938-46b9-8983-43a0039de681","User-Agent":"axios/0.18.1","Content-Length":51},"method":"post","url":"https://test.chat.api.zoko.io/v2/message","data":"{\"channel\":\"whatsapp\",\"recipient\":\"\",\"type\":\"text\"}"}
2020-05-05T05:29:14.712Z : Error Status => 400
2020-05-05T05:29:14.713Z : Error Data => {"status":400,"type":"validation_error","message":"recipient cannot be empty","timestamp":1588656554680}
2020-05-05T05:29:14.714Z : Error Response => {"server":"nginx/1.10.3","date":"Tue, 05 May 2020 05:29:14 GMT","content-type":"application/json","transfer-encoding":"chunked","connection":"close","vary":"Origin, Access-Control-Request-Method, Access-Control-Request-Headers"}
2020-05-05T05:29:14.715Z : Error Config => {"transformRequest":{},"transformResponse":{},"timeout":0,"xsrfCookieName":"XSRF-TOKEN","xsrfHeaderName":"X-XSRF-TOKEN","maxContentLength":-1,"headers":{"Accept":"application/json, text/plain, */*","Content-Type":"application/json","apikey":"0f04c56a-d938-46b9-8983-43a0039de681","User-Agent":"axios/0.18.1","Content-Length":51},"method":"post","url":"https://test.chat.api.zoko.io/v2/message","data":"{\"channel\":\"whatsapp\",\"recipient\":\"\",\"type\":\"text\"}"}
2020-05-05T05:30:56.098Z : Error Status => 400
2020-05-05T05:30:56.099Z : Error Data => {"status":400,"type":"validation_error","message":"recipient cannot be empty","timestamp":1588656656125}
2020-05-05T05:30:56.100Z : Error Response => {"server":"nginx/1.10.3","date":"Tue, 05 May 2020 05:30:56 GMT","content-type":"application/json","transfer-encoding":"chunked","connection":"close","vary":"Origin, Access-Control-Request-Method, Access-Control-Request-Headers"}
2020-05-05T05:30:56.101Z : Error Config => {"transformRequest":{},"transformResponse":{},"timeout":0,"xsrfCookieName":"XSRF-TOKEN","xsrfHeaderName":"X-XSRF-TOKEN","maxContentLength":-1,"headers":{"Accept":"application/json, text/plain, */*","Content-Type":"application/json","apikey":"0f04c56a-d938-46b9-8983-43a0039de681","User-Agent":"axios/0.18.1","Content-Length":51},"method":"post","url":"https://test.chat.api.zoko.io/v2/message","data":"{\"channel\":\"whatsapp\",\"recipient\":\"\",\"type\":\"text\"}"}
